app/build/intermediates/manifest_merge_blame_file/debug/manifest-merger-blame-debug-report.txt
1<?xml version="1.0" encoding="utf-8"?>
2<manifest xmlns:android="http://schemas.android.com/apk/res/android"
3    package="com.example.ezorder"
4    android:versionCode="1"
5    android:versionName="1.0" >
6
7    <uses-sdk
8        android:minSdkVersion="27"
8-->src\main\AndroidManifest.xml
9        android:targetSdkVersion="30" />
9-->src\main\AndroidManifest.xml
10
11    <uses-permission android:name="android.permission.CAMERA" />
11-->src\main\AndroidManifest.xml:5:5-65
11-->src\main\AndroidManifest.xml:5:22-62
12    <uses-permission android:name="android.permission.READ_EXTERNAL_STORAGE" />
12-->src\main\AndroidManifest.xml:6:5-80
12-->src\main\AndroidManifest.xml:6:22-77
13
14    <!-- Although the *SdkVersion is captured in gradle build files, this is required for non gradle builds -->
15    <!-- <uses-sdk android:minSdkVersion="14" /> -->
16    <uses-permission android:name="android.permission.ACCESS_NETWORK_STATE" />
16-->[com.google.firebase:firebase-firestore:21.7.1] AndroidManifest.xml:13:5-79
16-->[com.google.firebase:firebase-firestore:21.7.1] AndroidManifest.xml:13:22-76
17    <uses-permission android:name="android.permission.INTERNET" />
17-->[com.google.firebase:firebase-firestore:21.7.1] AndroidManifest.xml:14:5-67
17-->[com.google.firebase:firebase-firestore:21.7.1] AndroidManifest.xml:14:22-64
18
19    <application
19-->src\main\AndroidManifest.xml:8:5-39:19
20        android:allowBackup="true"
20-->src\main\AndroidManifest.xml:9:9-35
21        android:appComponentFactory="androidx.core.app.CoreComponentFactory"
21-->[androidx.core:core:1.3.1] AndroidManifest.xml:24:18-86
22        android:debuggable="true"
23        android:extractNativeLibs="false"
24        android:fullBackupContent="true"
24-->src\main\AndroidManifest.xml:10:9-41
25        android:icon="@mipmap/ic_launcher"
25-->src\main\AndroidManifest.xml:11:9-43
26        android:label="@string/app_name"
26-->src\main\AndroidManifest.xml:12:9-41
27        android:roundIcon="@mipmap/ic_launcher_round"
27-->src\main\AndroidManifest.xml:13:9-54
28        android:supportsRtl="true"
28-->src\main\AndroidManifest.xml:14:9-35
29        android:testOnly="true"
30        android:theme="@style/AppTheme" >
30-->src\main\AndroidManifest.xml:15:9-40
31        <activity android:name="com.example.ezorder.SubActivity.Order_Sub_1" />
31-->src\main\AndroidManifest.xml:16:9-61
31-->src\main\AndroidManifest.xml:16:19-58
32        <activity
32-->src\main\AndroidManifest.xml:17:9-19:81
33            android:name="com.example.ezorder.ChefScreen"
33-->src\main\AndroidManifest.xml:18:13-39
34            android:theme="@style/Theme.MaterialComponents.Light.NoActionBar" />
34-->src\main\AndroidManifest.xml:19:13-78
35        <activity
35-->src\main\AndroidManifest.xml:20:9-22:81
36            android:name="com.example.ezorder.ManagementScreen"
36-->src\main\AndroidManifest.xml:21:13-45
37            android:theme="@style/Theme.MaterialComponents.Light.NoActionBar" />
37-->src\main\AndroidManifest.xml:22:13-78
38        <activity
38-->src\main\AndroidManifest.xml:23:9-25:81
39            android:name="com.example.ezorder.SubActivity.LoginScreen"
39-->src\main\AndroidManifest.xml:24:13-52
40            android:theme="@style/Theme.MaterialComponents.Light.NoActionBar" />
40-->src\main\AndroidManifest.xml:25:13-78
41        <activity
41-->src\main\AndroidManifest.xml:26:9-28:81
42            android:name="com.example.ezorder.OrderScreen"
42-->src\main\AndroidManifest.xml:27:13-40
43            android:theme="@style/Theme.MaterialComponents.Light.NoActionBar" />
43-->src\main\AndroidManifest.xml:28:13-78
44        <activity
44-->src\main\AndroidManifest.xml:29:9-37:20
45            android:name="com.example.ezorder.SubActivity.SplashScreen"
45-->src\main\AndroidManifest.xml:30:13-53
46            android:theme="@style/SplashTheme" >
46-->src\main\AndroidManifest.xml:31:13-47
47            <intent-filter>
47-->src\main\AndroidManifest.xml:32:13-36:29
48                <action android:name="android.intent.action.MAIN" />
48-->src\main\AndroidManifest.xml:33:17-69
48-->src\main\AndroidManifest.xml:33:25-66
49
50                <category android:name="android.intent.category.LAUNCHER" />
50-->src\main\AndroidManifest.xml:35:17-77
50-->src\main\AndroidManifest.xml:35:27-74
51            </intent-filter>
52        </activity>
53        <activity android:name="com.example.ezorder.MainActivity" />
53-->src\main\AndroidManifest.xml:38:9-50
53-->src\main\AndroidManifest.xml:38:19-47
54
55        <service
55-->[com.google.firebase:firebase-firestore:21.7.1] AndroidManifest.xml:17:9-23:19
56            android:name="com.google.firebase.components.ComponentDiscoveryService"
56-->[com.google.firebase:firebase-firestore:21.7.1] AndroidManifest.xml:18:13-84
57            android:directBootAware="true"
57-->[com.google.firebase:firebase-common:19.3.1] AndroidManifest.xml:35:13-43
58            android:exported="false" >
58-->[com.google.firebase:firebase-firestore:21.7.1] AndroidManifest.xml:19:13-37
59            <meta-data
59-->[com.google.firebase:firebase-firestore:21.7.1] AndroidManifest.xml:20:13-22:85
60                android:name="com.google.firebase.components:com.google.firebase.firestore.FirestoreRegistrar"
60-->[com.google.firebase:firebase-firestore:21.7.1] AndroidManifest.xml:21:17-111
61                android:value="com.google.firebase.components.ComponentRegistrar" />
61-->[com.google.firebase:firebase-firestore:21.7.1] AndroidManifest.xml:22:17-82
62        </service>
63
64        <activity
64-->[com.google.android.gms:play-services-base:17.0.0] AndroidManifest.xml:23:9-26:75
65            android:name="com.google.android.gms.common.api.GoogleApiActivity"
65-->[com.google.android.gms:play-services-base:17.0.0] AndroidManifest.xml:24:13-79
66            android:exported="false"
66-->[com.google.android.gms:play-services-base:17.0.0] AndroidManifest.xml:25:13-37
67            android:theme="@android:style/Theme.Translucent.NoTitleBar" />
67-->[com.google.android.gms:play-services-base:17.0.0] AndroidManifest.xml:26:13-72
68
69        <provider
69-->[com.google.firebase:firebase-common:19.3.1] AndroidManifest.xml:26:9-31:39
70            android:name="com.google.firebase.provider.FirebaseInitProvider"
70-->[com.google.firebase:firebase-common:19.3.1] AndroidManifest.xml:27:13-77
71            android:authorities="com.example.ezorder.firebaseinitprovider"
71-->[com.google.firebase:firebase-common:19.3.1] AndroidManifest.xml:28:13-72
72            android:directBootAware="true"
72-->[com.google.firebase:firebase-common:19.3.1] AndroidManifest.xml:29:13-43
73            android:exported="false"
73-->[com.google.firebase:firebase-common:19.3.1] AndroidManifest.xml:30:13-37
74            android:initOrder="100" />
74-->[com.google.firebase:firebase-common:19.3.1] AndroidManifest.xml:31:13-36
75
76        <meta-data
76-->[com.google.android.gms:play-services-basement:17.0.0] AndroidManifest.xml:23:9-25:69
77            android:name="com.google.android.gms.version"
77-->[com.google.android.gms:play-services-basement:17.0.0] AndroidManifest.xml:24:13-58
78            android:value="@integer/google_play_services_version" />
78-->[com.google.android.gms:play-services-basement:17.0.0] AndroidManifest.xml:25:13-66
79    </application>
80
81</manifest>